Started GET "/list" for 127.0.0.1 at 2018-01-11 12:51:26 -0500
  
ActiveRecord::PendingMigrationError (

Migrations are pending. To resolve this issue, run:

        bin/rails db:migrate RAILS_ENV=development

):
  
activerecord (5.1.4) lib/active_record/migration.rb:576:in `check_pending!'
activerecord (5.1.4) lib/active_record/migration.rb:553:in `call'
actionpack (5.1.4) lib/action_dispatch/middleware/callbacks.rb:26:in `block in call'
activesupport (5.1.4) lib/active_support/callbacks.rb:97:in `run_callbacks'
actionpack (5.1.4) lib/action_dispatch/middleware/callbacks.rb:24:in `call'
actionpack (5.1.4) lib/action_dispatch/middleware/executor.rb:12:in `call'
actionpack (5.1.4) lib/action_dispatch/middleware/debug_exceptions.rb:59:in `call'
web-console (3.5.1) lib/web_console/middleware.rb:135:in `call_app'
web-console (3.5.1) lib/web_console/middleware.rb:28:in `block in call'
web-console (3.5.1) lib/web_console/middleware.rb:18:in `catch'
web-console (3.5.1) lib/web_console/middleware.rb:18:in `call'
actionpack (5.1.4) lib/action_dispatch/middleware/show_exceptions.rb:31:in `call'
railties (5.1.4) lib/rails/rack/logger.rb:36:in `call_app'
railties (5.1.4) lib/rails/rack/logger.rb:24:in `block in call'
activesupport (5.1.4) lib/active_support/tagged_logging.rb:69:in `block in tagged'
activesupport (5.1.4) lib/active_support/tagged_logging.rb:26:in `tagged'
activesupport (5.1.4) lib/active_support/tagged_logging.rb:69:in `tagged'
railties (5.1.4) lib/rails/rack/logger.rb:24:in `call'
sprockets-rails (3.2.1) lib/sprockets/rails/quiet_assets.rb:13:in `call'
actionpack (5.1.4) lib/action_dispatch/middleware/remote_ip.rb:79:in `call'
actionpack (5.1.4) lib/action_dispatch/middleware/request_id.rb:25:in `call'
rack (2.0.3) lib/rack/method_override.rb:22:in `call'
rack (2.0.3) lib/rack/runtime.rb:22:in `call'
activesupport (5.1.4) lib/active_support/cache/strategy/local_cache_middleware.rb:27:in `call'
actionpack (5.1.4) lib/action_dispatch/middleware/executor.rb:12:in `call'
actionpack (5.1.4) lib/action_dispatch/middleware/static.rb:125:in `call'
rack (2.0.3) lib/rack/sendfile.rb:111:in `call'
railties (5.1.4) lib/rails/engine.rb:522:in `call'
puma (3.11.0) lib/puma/configuration.rb:225:in `call'
puma (3.11.0) lib/puma/server.rb:624:in `handle_request'
puma (3.11.0) lib/puma/server.rb:438:in `process_client'
puma (3.11.0) lib/puma/server.rb:302:in `block in run'
puma (3.11.0) lib/puma/thread_pool.rb:120:in `block in spawn_thread'
Started GET "/" for 127.0.0.1 at 2018-01-11 12:51:36 -0500
  
ActiveRecord::PendingMigrationError (

Migrations are pending. To resolve this issue, run:

        bin/rails db:migrate RAILS_ENV=development

):
  
activerecord (5.1.4) lib/active_record/migration.rb:576:in `check_pending!'
activerecord (5.1.4) lib/active_record/migration.rb:553:in `call'
actionpack (5.1.4) lib/action_dispatch/middleware/callbacks.rb:26:in `block in call'
activesupport (5.1.4) lib/active_support/callbacks.rb:97:in `run_callbacks'
actionpack (5.1.4) lib/action_dispatch/middleware/callbacks.rb:24:in `call'
actionpack (5.1.4) lib/action_dispatch/middleware/executor.rb:12:in `call'
actionpack (5.1.4) lib/action_dispatch/middleware/debug_exceptions.rb:59:in `call'
web-console (3.5.1) lib/web_console/middleware.rb:135:in `call_app'
web-console (3.5.1) lib/web_console/middleware.rb:28:in `block in call'
web-console (3.5.1) lib/web_console/middleware.rb:18:in `catch'
web-console (3.5.1) lib/web_console/middleware.rb:18:in `call'
actionpack (5.1.4) lib/action_dispatch/middleware/show_exceptions.rb:31:in `call'
railties (5.1.4) lib/rails/rack/logger.rb:36:in `call_app'
railties (5.1.4) lib/rails/rack/logger.rb:24:in `block in call'
activesupport (5.1.4) lib/active_support/tagged_logging.rb:69:in `block in tagged'
activesupport (5.1.4) lib/active_support/tagged_logging.rb:26:in `tagged'
activesupport (5.1.4) lib/active_support/tagged_logging.rb:69:in `tagged'
railties (5.1.4) lib/rails/rack/logger.rb:24:in `call'
sprockets-rails (3.2.1) lib/sprockets/rails/quiet_assets.rb:13:in `call'
actionpack (5.1.4) lib/action_dispatch/middleware/remote_ip.rb:79:in `call'
actionpack (5.1.4) lib/action_dispatch/middleware/request_id.rb:25:in `call'
rack (2.0.3) lib/rack/method_override.rb:22:in `call'
rack (2.0.3) lib/rack/runtime.rb:22:in `call'
activesupport (5.1.4) lib/active_support/cache/strategy/local_cache_middleware.rb:27:in `call'
actionpack (5.1.4) lib/action_dispatch/middleware/executor.rb:12:in `call'
actionpack (5.1.4) lib/action_dispatch/middleware/static.rb:125:in `call'
rack (2.0.3) lib/rack/sendfile.rb:111:in `call'
railties (5.1.4) lib/rails/engine.rb:522:in `call'
puma (3.11.0) lib/puma/configuration.rb:225:in `call'
puma (3.11.0) lib/puma/server.rb:624:in `handle_request'
puma (3.11.0) lib/puma/server.rb:438:in `process_client'
puma (3.11.0) lib/puma/server.rb:302:in `block in run'
puma (3.11.0) lib/puma/thread_pool.rb:120:in `block in spawn_thread'
Started GET "/" for 127.0.0.1 at 2018-01-11 12:51:39 -0500
  
ActiveRecord::PendingMigrationError (

Migrations are pending. To resolve this issue, run:

        bin/rails db:migrate RAILS_ENV=development

):
  
activerecord (5.1.4) lib/active_record/migration.rb:576:in `check_pending!'
activerecord (5.1.4) lib/active_record/migration.rb:553:in `call'
actionpack (5.1.4) lib/action_dispatch/middleware/callbacks.rb:26:in `block in call'
activesupport (5.1.4) lib/active_support/callbacks.rb:97:in `run_callbacks'
actionpack (5.1.4) lib/action_dispatch/middleware/callbacks.rb:24:in `call'
actionpack (5.1.4) lib/action_dispatch/middleware/executor.rb:12:in `call'
actionpack (5.1.4) lib/action_dispatch/middleware/debug_exceptions.rb:59:in `call'
web-console (3.5.1) lib/web_console/middleware.rb:135:in `call_app'
web-console (3.5.1) lib/web_console/middleware.rb:28:in `block in call'
web-console (3.5.1) lib/web_console/middleware.rb:18:in `catch'
web-console (3.5.1) lib/web_console/middleware.rb:18:in `call'
actionpack (5.1.4) lib/action_dispatch/middleware/show_exceptions.rb:31:in `call'
railties (5.1.4) lib/rails/rack/logger.rb:36:in `call_app'
railties (5.1.4) lib/rails/rack/logger.rb:24:in `block in call'
activesupport (5.1.4) lib/active_support/tagged_logging.rb:69:in `block in tagged'
activesupport (5.1.4) lib/active_support/tagged_logging.rb:26:in `tagged'
activesupport (5.1.4) lib/active_support/tagged_logging.rb:69:in `tagged'
railties (5.1.4) lib/rails/rack/logger.rb:24:in `call'
sprockets-rails (3.2.1) lib/sprockets/rails/quiet_assets.rb:13:in `call'
actionpack (5.1.4) lib/action_dispatch/middleware/remote_ip.rb:79:in `call'
actionpack (5.1.4) lib/action_dispatch/middleware/request_id.rb:25:in `call'
rack (2.0.3) lib/rack/method_override.rb:22:in `call'
rack (2.0.3) lib/rack/runtime.rb:22:in `call'
activesupport (5.1.4) lib/active_support/cache/strategy/local_cache_middleware.rb:27:in `call'
actionpack (5.1.4) lib/action_dispatch/middleware/executor.rb:12:in `call'
actionpack (5.1.4) lib/action_dispatch/middleware/static.rb:125:in `call'
rack (2.0.3) lib/rack/sendfile.rb:111:in `call'
railties (5.1.4) lib/rails/engine.rb:522:in `call'
puma (3.11.0) lib/puma/configuration.rb:225:in `call'
puma (3.11.0) lib/puma/server.rb:624:in `handle_request'
puma (3.11.0) lib/puma/server.rb:438:in `process_client'
puma (3.11.0) lib/puma/server.rb:302:in `block in run'
puma (3.11.0) lib/puma/thread_pool.rb:120:in `block in spawn_thread'
Started GET "/list" for 127.0.0.1 at 2018-01-11 12:52:33 -0500
  
ActiveRecord::PendingMigrationError (

Migrations are pending. To resolve this issue, run:

        bin/rails db:migrate RAILS_ENV=development

):
  
activerecord (5.1.4) lib/active_record/migration.rb:576:in `check_pending!'
activerecord (5.1.4) lib/active_record/migration.rb:553:in `call'
actionpack (5.1.4) lib/action_dispatch/middleware/callbacks.rb:26:in `block in call'
activesupport (5.1.4) lib/active_support/callbacks.rb:97:in `run_callbacks'
actionpack (5.1.4) lib/action_dispatch/middleware/callbacks.rb:24:in `call'
actionpack (5.1.4) lib/action_dispatch/middleware/executor.rb:12:in `call'
actionpack (5.1.4) lib/action_dispatch/middleware/debug_exceptions.rb:59:in `call'
web-console (3.5.1) lib/web_console/middleware.rb:135:in `call_app'
web-console (3.5.1) lib/web_console/middleware.rb:28:in `block in call'
web-console (3.5.1) lib/web_console/middleware.rb:18:in `catch'
web-console (3.5.1) lib/web_console/middleware.rb:18:in `call'
actionpack (5.1.4) lib/action_dispatch/middleware/show_exceptions.rb:31:in `call'
railties (5.1.4) lib/rails/rack/logger.rb:36:in `call_app'
railties (5.1.4) lib/rails/rack/logger.rb:24:in `block in call'
activesupport (5.1.4) lib/active_support/tagged_logging.rb:69:in `block in tagged'
activesupport (5.1.4) lib/active_support/tagged_logging.rb:26:in `tagged'
activesupport (5.1.4) lib/active_support/tagged_logging.rb:69:in `tagged'
railties (5.1.4) lib/rails/rack/logger.rb:24:in `call'
sprockets-rails (3.2.1) lib/sprockets/rails/quiet_assets.rb:13:in `call'
actionpack (5.1.4) lib/action_dispatch/middleware/remote_ip.rb:79:in `call'
actionpack (5.1.4) lib/action_dispatch/middleware/request_id.rb:25:in `call'
rack (2.0.3) lib/rack/method_override.rb:22:in `call'
rack (2.0.3) lib/rack/runtime.rb:22:in `call'
activesupport (5.1.4) lib/active_support/cache/strategy/local_cache_middleware.rb:27:in `call'
actionpack (5.1.4) lib/action_dispatch/middleware/executor.rb:12:in `call'
actionpack (5.1.4) lib/action_dispatch/middleware/static.rb:125:in `call'
rack (2.0.3) lib/rack/sendfile.rb:111:in `call'
railties (5.1.4) lib/rails/engine.rb:522:in `call'
puma (3.11.0) lib/puma/configuration.rb:225:in `call'
puma (3.11.0) lib/puma/server.rb:624:in `handle_request'
puma (3.11.0) lib/puma/server.rb:438:in `process_client'
puma (3.11.0) lib/puma/server.rb:302:in `block in run'
puma (3.11.0) lib/puma/thread_pool.rb:120:in `block in spawn_thread'
  [1m[35m (0.1ms)[0m  [1m[34mSELECT sqlite_version(*)[0m
  [1m[35m (6.3ms)[0m  [1m[35mCREATE TABLE "schema_migrations" ("version" varchar NOT NULL PRIMARY KEY)[0m
  [1m[35m (4.6ms)[0m  [1m[35mCREATE TABLE "ar_internal_metadata" ("key" varchar NOT NULL PRIMARY KEY, "value" varchar, "created_at" datetime NOT NULL, "updated_at" datetime NOT NULL)[0m
  [1m[35m (0.2ms)[0m  [1m[34mSELECT "schema_migrations"."version" FROM "schema_migrations" ORDER BY "schema_migrations"."version" ASC[0m
Migrating to CreateLists (20180111175056)
  [1m[35m (0.0ms)[0m  [1m[36mbegin transaction[0m
  [1m[35m (0.4ms)[0m  [1m[35mCREATE TABLE "lists" ("id" INTEGER PRIMARY KEY AUTOINCREMENT NOT NULL, "nombre" varchar, "curso" varchar, "asignatura" varchar, "calificacion" varchar, "created_at" datetime NOT NULL, "updated_at" datetime NOT NULL)[0m
  [1m[35mSQL (0.1ms)[0m  [1m[32mINSERT INTO "schema_migrations" ("version") VALUES (?)[0m  [["version", "20180111175056"]]
  [1m[35m (4.6ms)[0m  [1m[36mcommit transaction[0m
  [1m[36mActiveRecord::InternalMetadata Load (0.2ms)[0m  [1m[34mSELECT  "ar_internal_metadata".* FROM "ar_internal_metadata" WHERE "ar_internal_metadata"."key" = ? LIMIT ?[0m  [["key", "environment"], ["LIMIT", 1]]
  [1m[35m (0.1ms)[0m  [1m[36mbegin transaction[0m
  [1m[35mSQL (0.3ms)[0m  [1m[32mINSERT INTO "ar_internal_metadata" ("key", "value", "created_at", "updated_at") VALUES (?, ?, ?, ?)[0m  [["key", "environment"], ["value", "development"], ["created_at", "2018-01-11 17:52:58.029037"], ["updated_at", "2018-01-11 17:52:58.029037"]]
  [1m[35m (3.8ms)[0m  [1m[36mcommit transaction[0m
  [1m[35m (0.1ms)[0m  [1m[34mSELECT "schema_migrations"."version" FROM "schema_migrations" ORDER BY "schema_migrations"."version" ASC[0m
Started GET "/list" for 127.0.0.1 at 2018-01-11 12:53:01 -0500
  [1m[35m (0.1ms)[0m  [1m[34mSELECT "schema_migrations"."version" FROM "schema_migrations" ORDER BY "schema_migrations"."version" ASC[0m
  
ActionController::RoutingError (No route matches [GET] "/list"):
  
actionpack (5.1.4) lib/action_dispatch/middleware/debug_exceptions.rb:63:in `call'
web-console (3.5.1) lib/web_console/middleware.rb:135:in `call_app'
web-console (3.5.1) lib/web_console/middleware.rb:28:in `block in call'
web-console (3.5.1) lib/web_console/middleware.rb:18:in `catch'
web-console (3.5.1) lib/web_console/middleware.rb:18:in `call'
actionpack (5.1.4) lib/action_dispatch/middleware/show_exceptions.rb:31:in `call'
railties (5.1.4) lib/rails/rack/logger.rb:36:in `call_app'
railties (5.1.4) lib/rails/rack/logger.rb:24:in `block in call'
activesupport (5.1.4) lib/active_support/tagged_logging.rb:69:in `block in tagged'
activesupport (5.1.4) lib/active_support/tagged_logging.rb:26:in `tagged'
activesupport (5.1.4) lib/active_support/tagged_logging.rb:69:in `tagged'
railties (5.1.4) lib/rails/rack/logger.rb:24:in `call'
sprockets-rails (3.2.1) lib/sprockets/rails/quiet_assets.rb:13:in `call'
actionpack (5.1.4) lib/action_dispatch/middleware/remote_ip.rb:79:in `call'
actionpack (5.1.4) lib/action_dispatch/middleware/request_id.rb:25:in `call'
rack (2.0.3) lib/rack/method_override.rb:22:in `call'
rack (2.0.3) lib/rack/runtime.rb:22:in `call'
activesupport (5.1.4) lib/active_support/cache/strategy/local_cache_middleware.rb:27:in `call'
actionpack (5.1.4) lib/action_dispatch/middleware/executor.rb:12:in `call'
actionpack (5.1.4) lib/action_dispatch/middleware/static.rb:125:in `call'
rack (2.0.3) lib/rack/sendfile.rb:111:in `call'
railties (5.1.4) lib/rails/engine.rb:522:in `call'
puma (3.11.0) lib/puma/configuration.rb:225:in `call'
puma (3.11.0) lib/puma/server.rb:624:in `handle_request'
puma (3.11.0) lib/puma/server.rb:438:in `process_client'
puma (3.11.0) lib/puma/server.rb:302:in `block in run'
puma (3.11.0) lib/puma/thread_pool.rb:120:in `block in spawn_thread'
Started GET "/lists" for 127.0.0.1 at 2018-01-11 12:53:41 -0500
Processing by ListsController#index as HTML
  Rendering lists/index.html.erb within layouts/application
  [1m[36mList Load (0.2ms)[0m  [1m[34mSELECT "lists".* FROM "lists"[0m
  Rendered lists/index.html.erb within layouts/application (2.2ms)
Completed 200 OK in 566ms (Views: 559.1ms | ActiveRecord: 0.4ms)


Started GET "/lists/new" for 127.0.0.1 at 2018-01-11 12:53:43 -0500
Processing by ListsController#new as HTML
  Rendering lists/new.html.erb within layouts/application
  Rendered lists/_form.html.erb (8.8ms)
  Rendered lists/new.html.erb within layouts/application (9.7ms)
Completed 200 OK in 32ms (Views: 22.2ms | ActiveRecord: 0.6ms)


Started POST "/lists" for 127.0.0.1 at 2018-01-11 12:54:13 -0500
Processing by ListsController#create as HTML
  Parameters: {"utf8"=>"✓", "authenticity_token"=>"kXHPvmzOL99/m+dWz+zrEFpsqMIHipbVCzZ78sgnYSCVUDPMWvaoGw1vEgVrdF8kFeR9/hekqzygOuoONyGddw==", "list"=>{"nombre"=>"paola", "curso"=>"Tech", "asignatura"=>"redes", "calificacion"=>"5"}, "commit"=>"Create List"}
  [1m[35m (0.1ms)[0m  [1m[36mbegin transaction[0m
  [1m[35mSQL (0.3ms)[0m  [1m[32mINSERT INTO "lists" ("nombre", "curso", "asignatura", "calificacion", "created_at", "updated_at") VALUES (?, ?, ?, ?, ?, ?)[0m  [["nombre", "paola"], ["curso", "Tech"], ["asignatura", "redes"], ["calificacion", "5"], ["created_at", "2018-01-11 17:54:13.674323"], ["updated_at", "2018-01-11 17:54:13.674323"]]
  [1m[35m (3.5ms)[0m  [1m[36mcommit transaction[0m
Redirected to http://localhost:3000/lists/1
Completed 302 Found in 8ms (ActiveRecord: 3.8ms)


Started GET "/lists/1" for 127.0.0.1 at 2018-01-11 12:54:13 -0500
Processing by ListsController#show as HTML
  Parameters: {"id"=>"1"}
  [1m[36mList Load (0.3ms)[0m  [1m[34mSELECT  "lists".* FROM "lists" WHERE "lists"."id" = ? LIMIT ?[0m  [["id", 1], ["LIMIT", 1]]
  Rendering lists/show.html.erb within layouts/application
  Rendered lists/show.html.erb within layouts/application (0.7ms)
Completed 200 OK in 30ms (Views: 12.4ms | ActiveRecord: 0.3ms)


Started GET "/lists/1/edit" for 127.0.0.1 at 2018-01-11 12:54:18 -0500
Processing by ListsController#edit as HTML
  Parameters: {"id"=>"1"}
  [1m[36mList Load (0.2ms)[0m  [1m[34mSELECT  "lists".* FROM "lists" WHERE "lists"."id" = ? LIMIT ?[0m  [["id", 1], ["LIMIT", 1]]
  Rendering lists/edit.html.erb within layouts/application
  Rendered lists/_form.html.erb (2.6ms)
  Rendered lists/edit.html.erb within layouts/application (4.0ms)
Completed 200 OK in 19ms (Views: 16.7ms | ActiveRecord: 0.2ms)


Started GET "/lists" for 127.0.0.1 at 2018-01-11 12:54:20 -0500
Processing by ListsController#index as HTML
  Rendering lists/index.html.erb within layouts/application
  [1m[36mList Load (0.2ms)[0m  [1m[34mSELECT "lists".* FROM "lists"[0m
  Rendered lists/index.html.erb within layouts/application (2.2ms)
Completed 200 OK in 17ms (Views: 15.9ms | ActiveRecord: 0.2ms)


Started GET "/lists/new" for 127.0.0.1 at 2018-01-11 12:54:21 -0500
Processing by ListsController#new as HTML
  Rendering lists/new.html.erb within layouts/application
  Rendered lists/_form.html.erb (2.7ms)
  Rendered lists/new.html.erb within layouts/application (3.6ms)
Completed 200 OK in 18ms (Views: 16.9ms | ActiveRecord: 0.0ms)


Started POST "/lists" for 127.0.0.1 at 2018-01-11 12:54:52 -0500
Processing by ListsController#create as HTML
  Parameters: {"utf8"=>"✓", "authenticity_token"=>"h8wamNH8Os0iqZktVYe5mNw5dm4OvmZMrrRKIykP6DWD7ebq58S9CVBdbH7xHw2sk7GjUh6QW6UFuNvf1gkUYg==", "list"=>{"nombre"=>"Liz", "curso"=>"Tech", "asignatura"=>"tv", "calificacion"=>"3"}, "commit"=>"Create List"}
  [1m[35m (0.1ms)[0m  [1m[36mbegin transaction[0m
  [1m[35mSQL (1.4ms)[0m  [1m[32mINSERT INTO "lists" ("nombre", "curso", "asignatura", "calificacion", "created_at", "updated_at") VALUES (?, ?, ?, ?, ?, ?)[0m  [["nombre", "Liz"], ["curso", "Tech"], ["asignatura", "tv"], ["calificacion", "3"], ["created_at", "2018-01-11 17:54:52.861152"], ["updated_at", "2018-01-11 17:54:52.861152"]]
  [1m[35m (3.6ms)[0m  [1m[36mcommit transaction[0m
Redirected to http://localhost:3000/lists/2
Completed 302 Found in 9ms (ActiveRecord: 5.2ms)


Started GET "/lists/2" for 127.0.0.1 at 2018-01-11 12:54:52 -0500
Processing by ListsController#show as HTML
  Parameters: {"id"=>"2"}
  [1m[36mList Load (0.2ms)[0m  [1m[34mSELECT  "lists".* FROM "lists" WHERE "lists"."id" = ? LIMIT ?[0m  [["id", 2], ["LIMIT", 1]]
  Rendering lists/show.html.erb within layouts/application
  Rendered lists/show.html.erb within layouts/application (1.1ms)
Completed 200 OK in 18ms (Views: 14.8ms | ActiveRecord: 0.2ms)


Started GET "/lists" for 127.0.0.1 at 2018-01-11 12:54:54 -0500
Processing by ListsController#index as HTML
  Rendering lists/index.html.erb within layouts/application
  [1m[36mList Load (0.3ms)[0m  [1m[34mSELECT "lists".* FROM "lists"[0m
  Rendered lists/index.html.erb within layouts/application (3.4ms)
Completed 200 OK in 18ms (Views: 16.4ms | ActiveRecord: 0.3ms)


Started GET "/lists/new" for 127.0.0.1 at 2018-01-11 12:54:57 -0500
Processing by ListsController#new as HTML
  Rendering lists/new.html.erb within layouts/application
  Rendered lists/_form.html.erb (4.6ms)
  Rendered lists/new.html.erb within layouts/application (6.2ms)
Completed 200 OK in 21ms (Views: 19.6ms | ActiveRecord: 0.0ms)


Started POST "/lists" for 127.0.0.1 at 2018-01-11 12:55:22 -0500
Processing by ListsController#create as HTML
  Parameters: {"utf8"=>"✓", "authenticity_token"=>"i1UwtNI8N8Tx87j4JEOhSenOgAc4pEe605YsRU61zm+PdMzG5ASwAIMHTauA2xV9pkZVOyiKelN4mr25sbMyOA==", "list"=>{"nombre"=>"Jessica", "curso"=>"Tech", "asignatura"=>"redes ", "calificacion"=>"4"}, "commit"=>"Create List"}
  [1m[35m (0.1ms)[0m  [1m[36mbegin transaction[0m
  [1m[35mSQL (0.9ms)[0m  [1m[32mINSERT INTO "lists" ("nombre", "curso", "asignatura", "calificacion", "created_at", "updated_at") VALUES (?, ?, ?, ?, ?, ?)[0m  [["nombre", "Jessica"], ["curso", "Tech"], ["asignatura", "redes "], ["calificacion", "4"], ["created_at", "2018-01-11 17:55:22.547494"], ["updated_at", "2018-01-11 17:55:22.547494"]]
  [1m[35m (3.7ms)[0m  [1m[36mcommit transaction[0m
Redirected to http://localhost:3000/lists/3
Completed 302 Found in 10ms (ActiveRecord: 4.7ms)


Started GET "/lists/3" for 127.0.0.1 at 2018-01-11 12:55:22 -0500
Processing by ListsController#show as HTML
  Parameters: {"id"=>"3"}
  [1m[36mList Load (0.1ms)[0m  [1m[34mSELECT  "lists".* FROM "lists" WHERE "lists"."id" = ? LIMIT ?[0m  [["id", 3], ["LIMIT", 1]]
  Rendering lists/show.html.erb within layouts/application
  Rendered lists/show.html.erb within layouts/application (0.8ms)
Completed 200 OK in 16ms (Views: 14.3ms | ActiveRecord: 0.1ms)


Started GET "/lists" for 127.0.0.1 at 2018-01-11 12:55:26 -0500
Processing by ListsController#index as HTML
  Rendering lists/index.html.erb within layouts/application
  [1m[36mList Load (0.2ms)[0m  [1m[34mSELECT "lists".* FROM "lists"[0m
  Rendered lists/index.html.erb within layouts/application (2.1ms)
Completed 200 OK in 18ms (Views: 16.8ms | ActiveRecord: 0.2ms)


Started GET "/lists/new" for 127.0.0.1 at 2018-01-11 12:55:56 -0500
Processing by ListsController#new as HTML
  Rendering lists/new.html.erb within layouts/application
  Rendered lists/_form.html.erb (2.5ms)
  Rendered lists/new.html.erb within layouts/application (3.4ms)
Completed 200 OK in 21ms (Views: 19.9ms | ActiveRecord: 0.0ms)


Started GET "/lists" for 127.0.0.1 at 2018-01-11 12:56:29 -0500
Processing by ListsController#index as HTML
  Rendering lists/index.html.erb within layouts/application
  [1m[36mList Load (0.2ms)[0m  [1m[34mSELECT "lists".* FROM "lists"[0m
  Rendered lists/index.html.erb within layouts/application (2.4ms)
Completed 200 OK in 25ms (Views: 23.7ms | ActiveRecord: 0.2ms)


Started GET "/lists/1" for 127.0.0.1 at 2018-01-11 12:56:37 -0500
Processing by ListsController#show as HTML
  Parameters: {"id"=>"1"}
  [1m[36mList Load (0.2ms)[0m  [1m[34mSELECT  "lists".* FROM "lists" WHERE "lists"."id" = ? LIMIT ?[0m  [["id", 1], ["LIMIT", 1]]
  Rendering lists/show.html.erb within layouts/application
  Rendered lists/show.html.erb within layouts/application (0.9ms)
Completed 200 OK in 18ms (Views: 15.8ms | ActiveRecord: 0.2ms)


Started GET "/lists/1/edit" for 127.0.0.1 at 2018-01-11 12:56:40 -0500
Processing by ListsController#edit as HTML
  Parameters: {"id"=>"1"}
  [1m[36mList Load (0.2ms)[0m  [1m[34mSELECT  "lists".* FROM "lists" WHERE "lists"."id" = ? LIMIT ?[0m  [["id", 1], ["LIMIT", 1]]
  Rendering lists/edit.html.erb within layouts/application
  Rendered lists/_form.html.erb (2.9ms)
  Rendered lists/edit.html.erb within layouts/application (4.3ms)
Completed 200 OK in 20ms (Views: 17.4ms | ActiveRecord: 0.2ms)


Started GET "/lists" for 127.0.0.1 at 2018-01-11 12:56:43 -0500
Processing by ListsController#index as HTML
  Rendering lists/index.html.erb within layouts/application
  [1m[36mList Load (0.2ms)[0m  [1m[34mSELECT "lists".* FROM "lists"[0m
  Rendered lists/index.html.erb within layouts/application (2.4ms)
Completed 200 OK in 20ms (Views: 18.7ms | ActiveRecord: 0.2ms)


